20240415	14:12:16	a9f00125-1cee-46dd-bc6a-b14bf9ec9f2f	POST	/auth/register	undefined
20240415	14:12:31	d6370d22-4c38-4374-8001-767d2acc3989	POST	/auth	undefined
20240415	14:15:23	9b018963-e55d-4182-91a2-e0b460368322	GET	/auth/refresh	undefined
20240415	14:15:41	a9bc0650-14f9-4ff8-b4f8-297a0779c7d0	POST	/auth	undefined
20240415	14:15:55	265298bf-2900-46ce-adc2-bf8c4af27be8	GET	/auth/refresh	undefined
20240415	14:16:13	a670de96-b194-4254-9b79-52e1362d77f7	GET	/auth/refresh	undefined
20240415	14:17:33	83e63778-3891-4341-bd4c-b159dd6e598f	POST	/auth	undefined
20240415	14:17:54	b5b17bd9-2e96-444b-a701-b1a055381fe7	GET	/auth/refresh	undefined
20240415	14:18:49	2543f045-ccaa-4076-bef8-d38e35d90cb6	POST	/auth/logout	undefined
20240415	14:19:24	bbfa7b6b-5c49-413e-9368-af42cc94aeb3	POST	/auth	undefined
20240415	14:23:19	19d38769-9cf0-49e0-aa38-a1d63a47db02	POST	/orders	undefined
20240415	14:24:02	e3961779-75d4-408d-9698-559df7beae47	POST	/orders	undefined
20240415	14:24:25	78f2dcd9-8d59-4925-9e27-0f9e012a5cdf	POST	/orders	undefined
20240415	14:24:27	92fce365-ba71-4f66-9f64-3d2ef109af33	POST	/orders	undefined
20240415	14:25:44	98687b31-9c6a-4277-84d0-962de508c80c	POST	/auth	undefined
20240415	14:26:35	1fafb1ee-6495-4c08-84cd-7e6d4dffd5c5	GET	/orders/get-orders	undefined
20240415	14:28:38	e1125847-e574-4842-887f-dfbfe3b6362a	POST	/auth	undefined
20240415	14:29:06	9d11c5a3-a809-4391-9688-f67b4a992ee5	GET	/orders/get-orders	undefined
20240415	16:23:28	0d099466-ab5d-408f-9768-805329869814	OPTIONS	/auth	http://localhost:5173
20240415	16:23:29	8dcf0740-d5a2-4990-ab55-e646633e4711	POST	/auth	http://localhost:5173
20240415	16:23:30	90f3bd99-81d8-43fb-b960-84d67fb72114	OPTIONS	/auth	http://localhost:5173
20240415	16:23:31	23146f75-2df5-4646-9377-bf56fa72db37	POST	/auth	http://localhost:5173
20240415	16:25:32	6bb2a7f9-e27e-4f2d-ace4-12e1f5ff4034	POST	/auth/logout	http://localhost:5173
20240415	16:25:49	0c995d1d-5407-481b-b3d6-95a4097e097b	POST	/auth/logout	http://localhost:5173
20240415	16:26:03	c1fa43a5-d038-424f-a76a-01ab4087aab0	POST	/auth/logout	http://localhost:5173
20240415	16:30:02	1ad12384-5a97-4684-ba49-dbe48c592546	POST	/auth/logout	http://localhost:5173
20240415	16:30:37	89ecc0cb-cde4-43a5-87cb-49ffa57c238f	OPTIONS	/auth	http://localhost:5173
20240415	16:30:37	158d3629-a5e6-4104-894f-962953ca4974	POST	/auth	http://localhost:5173
20240415	16:30:58	da118f5b-51cc-4cab-95fe-187c308b2ff3	POST	/auth/logout	http://localhost:5173
20240415	16:33:21	1e5d023b-bca6-45c6-bfa4-86e26d1c4184	OPTIONS	/auth	http://localhost:5173
20240415	16:33:21	2029c8ba-20da-4e6b-b27f-6cf91f6aded2	POST	/auth	http://localhost:5173
20240415	16:35:33	296d6bef-0a17-472c-b866-b6c790e919cd	POST	/auth/logout	http://localhost:5173
20240415	16:35:47	44e90ed1-d160-4595-8895-765df7726f50	POST	/auth/logout	http://localhost:5173
20240415	16:36:09	1c675ab2-49c6-4329-9650-a73480122108	POST	/auth/logout	http://localhost:5173
20240415	16:38:07	ba79625f-2411-4dd7-b2c1-3e9ff6126f68	OPTIONS	/auth	http://localhost:5173
20240415	16:38:07	1fba0593-3052-4c36-8192-a8c772e0c79a	POST	/auth	http://localhost:5173
20240415	16:38:48	394d6c22-742c-47e1-8459-c59b1987d621	POST	/auth/logout	http://localhost:5173
20240415	16:39:21	f0ff2dae-11f2-41aa-b518-23447a4d5692	POST	/auth/logout	http://localhost:5173
20240415	16:43:00	43ad6ccb-a245-4e57-9482-c990d32a5ecb	POST	/auth/logout	http://localhost:5173
20240415	16:44:01	c463276e-534a-4cd5-80fa-f776e0cbdeb8	POST	/auth/logout	http://localhost:5173
20240415	16:44:14	bba2b826-84d3-4691-a052-1fac35578a3a	POST	/auth/logout	http://localhost:5173
20240415	16:44:59	2aad952a-21a7-4ae2-8898-f31002029bee	POST	/auth/logout	http://localhost:5173
20240415	16:45:06	df820c3c-b4ac-49ae-a393-1298147efb2c	POST	/auth/logout	http://localhost:5173
20240415	16:47:46	f337d5ba-34bd-4040-b6ee-8158e157cb9d	OPTIONS	/auth	http://localhost:5173
20240415	16:47:46	986c0298-39b8-4c8e-90c6-5a3b32127887	POST	/auth	http://localhost:5173
20240415	16:47:48	5a623a60-f5c9-4a0f-b6c0-ab9247c0f9e1	OPTIONS	/auth	http://localhost:5173
20240415	16:47:48	0b24d65a-1a78-4edf-b493-14837e6951ef	POST	/auth	http://localhost:5173
20240415	16:48:03	da4e02e6-c926-47f5-8634-174690f98777	GET	/orders/get-orders	http://localhost:5173
20240415	16:48:04	69fe344d-d984-4fff-92b6-7936d9a9f066	GET	/orders/get-orders	http://localhost:5173
20240415	16:50:06	34442f5a-44ba-4479-b9f6-81b50d8cc42c	OPTIONS	/orders	http://localhost:5173
20240415	16:50:06	aa0eec3c-2bc6-4c7d-b756-2b60ae2189d9	POST	/orders	http://localhost:5173
20240415	18:41:03	ee469779-b9c1-400c-ac41-5236fe65a864	POST	/auth/logout	http://localhost:5173
20240415	18:41:37	d08a6c63-c43b-4bec-a667-69d60484d1b5	OPTIONS	/auth	http://localhost:5173
20240415	18:41:37	4bb6aebf-1aa3-450e-bb52-b84828b6c39a	POST	/auth	http://localhost:5173
20240415	18:42:07	920e9363-4709-4726-be0f-eef780c19b50	POST	/auth/logout	http://localhost:5173
20240415	18:43:59	0c78d21c-2ace-4c86-a94f-2af642d1c1bb	POST	/auth/logout	http://localhost:5173
20240415	18:44:06	b75c7d36-781c-40ea-8a6d-c30dc0fd021c	POST	/auth/logout	http://localhost:5173
20240415	18:51:42	fb86abf3-d110-488d-8dbd-c1bd66925f1e	OPTIONS	/auth	https://crowwriter-git-clientupdates-mercymwikalis-projects.vercel.app
20240415	19:17:37	dd6af566-3784-4c65-b708-9a3da09d6cd3	OPTIONS	/auth	http://localhost:5173
20240415	19:17:37	60f877fd-4891-49cc-a89d-c1e5ce32f65d	POST	/auth	http://localhost:5173
20240416	11:48:48	59e8e8e4-49be-46fa-9182-26df6dd6a849	OPTIONS	/auth	http://localhost:5173
20240416	11:48:48	9d903c17-82b1-4caa-9094-3c41fc4b8128	POST	/auth	http://localhost:5173
20240416	11:53:00	1526991a-dfc6-4078-9bee-b362af292fee	OPTIONS	/auth	http://localhost:5173
20240416	11:53:00	62a1fa70-e188-477c-872d-e2f7eaaebfb0	POST	/auth	http://localhost:5173
20240416	11:53:03	9d6ec872-1f5f-49ed-aaff-13fc122f342d	OPTIONS	/auth	http://localhost:5173
20240416	11:53:03	4f1a2f84-cddb-4c30-9e4e-bbb12280731e	POST	/auth	http://localhost:5173
20240416	11:55:35	8f88af96-7d39-4967-af1d-af23317c8271	OPTIONS	/auth	http://localhost:5173
20240416	11:55:35	82def491-9051-4901-a472-05393c2dffaa	POST	/auth	http://localhost:5173
20240416	11:55:37	8d13a339-c509-42c1-b83a-2fccb7f8175d	OPTIONS	/auth	http://localhost:5173
20240416	11:55:37	a06ff52c-89c3-4eea-8d2e-355a24c8ed71	POST	/auth	http://localhost:5173
20240416	11:57:03	74352edd-188d-4086-a030-7d61e2ddb313	OPTIONS	/auth	http://localhost:5173
20240416	11:57:03	a2744fdf-3a99-45ac-8601-a1dfb5b01f9f	POST	/auth	http://localhost:5173
20240416	11:59:35	3c41e2a1-1fe3-40b7-bd3d-02aad70794b3	OPTIONS	/auth	http://localhost:5173
20240416	11:59:35	7c2e8965-089e-4784-bf00-6910fc873ef2	POST	/auth	http://localhost:5173
20240416	12:02:02	07160979-d406-44da-9b6d-1d9f2b6feb95	OPTIONS	/auth	http://localhost:5173
20240416	12:02:02	84c8a2e0-dd33-41dd-b46f-0308ff4e567a	POST	/auth	http://localhost:5173
20240416	12:03:17	ec71e670-347b-43b9-ad95-c637fd495f27	OPTIONS	/auth	http://localhost:5173
20240416	12:03:17	3d5d4d7e-fa4c-41ca-8f91-49cf85acc58e	POST	/auth	http://localhost:5173
20240416	12:03:22	abe14c55-3bcf-46c8-93f7-adf6462cb082	OPTIONS	/auth	http://localhost:5173
20240416	12:03:22	7e52b80c-d850-4e2c-98b1-9a4ec79fb918	POST	/auth	http://localhost:5173
20240416	12:04:00	c820b491-c34b-413d-befc-d663e85adb26	OPTIONS	/auth	http://localhost:5173
20240416	12:04:00	0723a9d6-f137-48d0-a839-0c3a8a53cb5f	POST	/auth	http://localhost:5173
20240416	12:04:10	c2abfa02-a2a5-4643-a99b-4d3a51886244	POST	/auth/logout	http://localhost:5173
20240416	12:09:02	7db08788-c10f-4e2b-9ccc-72b7b4a36b55	POST	/auth/logout	http://localhost:5173
20240416	12:11:51	e37b2198-2ab1-463a-8f16-5a8ae31d494c	OPTIONS	/auth	http://localhost:5173
20240416	12:11:51	b4916f83-ab59-4525-8ee4-ffc2e8173983	POST	/auth	http://localhost:5173
20240416	12:13:05	3cd8da8b-2f85-40f7-b555-bf144f052336	POST	/auth/logout	http://localhost:5173
20240416	12:14:40	34283fd2-df44-4861-a962-400db0da3088	OPTIONS	/auth	http://localhost:5173
20240416	12:14:40	d6c77887-b841-4fc2-ac16-231fde69fb4b	POST	/auth	http://localhost:5173
20240416	12:35:16	06a63b6b-4440-475d-ade3-1ebe20f3bb64	OPTIONS	/auth	http://localhost:5173
20240416	12:35:16	a3bd1e88-5465-49e6-8f11-47ebea1d122a	POST	/auth	http://localhost:5173
20240416	12:35:19	71aa86ea-550d-4f4d-9b42-96e748ebfadf	POST	/auth	http://localhost:5173
20240416	12:56:13	33d5d39f-0a20-48ca-81d0-f8ac58914d13	OPTIONS	/auth	http://localhost:5173
20240416	12:56:13	4623ee36-d9f2-4249-a915-2b55fc603ac9	POST	/auth	http://localhost:5173
20240416	13:28:26	a14f0f00-6c3f-4658-bde8-8dd7a59932b1	OPTIONS	/auth	http://localhost:5173
20240416	13:28:27	c1025247-f540-47b5-a2c3-8fc662d45000	POST	/auth	http://localhost:5173
20240416	13:28:28	a8d10d21-68ad-451f-9fbf-0d390eb2a95d	POST	/auth	http://localhost:5173
20240416	13:28:57	9bc8c5ef-c005-4c04-bd0e-247f789337c1	OPTIONS	/auth	http://localhost:5173
20240416	13:28:57	ab07b866-6e51-4b3b-a634-14fe06ccd9f9	POST	/auth	http://localhost:5173
20240416	13:52:51	91bf1615-ef0c-4677-a01c-0c0b3f27b15c	OPTIONS	/auth	http://localhost:5173
20240416	13:52:51	82ddaf83-f744-453c-93f1-9ce7303f0a95	POST	/auth	http://localhost:5173
20240416	16:11:15	bf99e397-9fa9-4ab3-9c3b-1cb75e32fae0	GET	/orders/get-orders	http://localhost:5173
20240416	16:11:15	12f1ec90-403a-433b-a590-86473ce19f60	GET	/orders/get-orders	http://localhost:5173
20240416	16:11:28	59d913d6-6e8a-49a8-82bd-1b64aab1199f	GET	/orders/get-orders	http://localhost:5173
20240416	16:11:28	e972fbbd-9d23-48c7-a773-9961c0019eb6	GET	/orders/get-orders	http://localhost:5173
20240416	16:11:53	9dad4121-e1df-4459-8387-3c098af5d20a	OPTIONS	/auth	http://localhost:5173
20240416	16:11:53	88c6848c-e85a-4f04-9b43-ad464a19da9f	POST	/auth	http://localhost:5173
20240416	16:12:49	3507bc3b-4098-4ddd-ad3d-88e49c9ec893	OPTIONS	/auth	http://localhost:5173
20240416	16:12:49	91b794d8-3570-4f49-9a13-276d7b9061ed	POST	/auth	http://localhost:5173
20240416	16:12:54	8c40a123-7539-46ec-9624-8b80ec8b746c	OPTIONS	/auth	http://localhost:5173
20240416	16:12:54	f47cc788-e30b-4982-b0c0-476ecb1e2e17	POST	/auth	http://localhost:5173
20240416	16:13:13	fc69ed0e-baba-4b47-8453-80c26ac00946	OPTIONS	/auth	http://localhost:5173
20240416	16:13:14	9309a835-87b2-493a-ae7d-57d48dd5fd2f	POST	/auth	http://localhost:5173
20240416	16:13:22	f47c9ea4-e44f-4c9f-9a42-fb1e51f90561	GET	/orders/get-orders	http://localhost:5173
20240416	16:13:22	263d35b6-670e-4f6c-a083-100726648303	GET	/orders/get-orders	http://localhost:5173
20240416	16:16:56	3217232b-7880-417f-b44d-47b512d5dd85	POST	/auth	undefined
20240416	16:21:00	e329a31b-bd5d-47c9-9307-273fc55ee221	GET	/orders/get-orders	http://localhost:5173
20240416	16:21:00	2647afad-536f-401b-942f-ee24b0aa32be	GET	/orders/get-orders	http://localhost:5173
20240416	16:21:54	b5e8bfdd-329e-445f-9d65-81090d0cbceb	GET	/orders/get-orders	http://localhost:5173
20240416	16:21:54	9ba8a85d-d722-4ce6-bead-9fafdfc73fd1	GET	/orders/get-orders	http://localhost:5173
20240416	16:26:20	00e45351-f00a-48ee-85e5-be6eab27f698	GET	/orders/get-orders	http://localhost:5173
20240416	16:26:20	67d16d9b-8f51-49d5-8fd7-48a68c18efc8	GET	/orders/get-orders	http://localhost:5173
20240416	16:27:26	28d9d906-9d26-4dc9-87e6-079be24a1216	GET	/orders/get-orders	http://localhost:5173
20240416	16:27:26	f7b5dfb2-3fa0-4275-be69-d64d1bb98031	GET	/orders/get-orders	http://localhost:5173
20240416	16:29:40	f213ec68-b656-4961-be00-54ffd95eea03	GET	/orders/get-orders	http://localhost:5173
20240416	16:29:40	4836d1af-4f75-4876-b099-769dc064fedf	GET	/orders/get-orders	http://localhost:5173
20240416	16:29:52	042af980-2025-43d4-a3e7-f5031ebfc320	GET	/orders/get-orders	http://localhost:5173
20240416	16:29:52	23d9dc7e-8d6b-4c59-bee6-c309ce767f7e	GET	/orders/get-orders	http://localhost:5173
20240416	16:31:18	f8f56ddb-0569-4069-afab-9ea40f111fdc	GET	/orders/get-orders	http://localhost:5173
20240416	16:31:18	f13c8109-dad6-4408-a15c-cdcbcef901ba	GET	/orders/get-orders	http://localhost:5173
20240416	16:32:47	4fbad072-d6fa-4f50-bbcd-ff9dd68114de	OPTIONS	/auth	http://localhost:5173
20240416	16:32:47	cc8889e7-6113-4710-924f-39da4a728965	POST	/auth	http://localhost:5173
20240416	16:33:09	3f7dab32-a507-400a-a449-8e9864c656ee	GET	/orders/get-orders	http://localhost:5173
20240416	16:33:09	6d7f9be5-bf8a-4a36-8ca5-e21c5762fb47	GET	/orders/get-orders	http://localhost:5173
20240416	16:33:54	ec3a1380-6b23-450b-9c65-1de3f1e88d0f	GET	/orders/get-orders	http://localhost:5173
20240416	16:33:54	2909f816-0902-49d4-b499-ea52e83d4855	GET	/orders/get-orders	http://localhost:5173
20240416	16:34:07	4ae9f130-8cd0-43c0-b559-e62c250f4392	POST	/auth/logout	http://localhost:5173
20240416	16:35:57	f17af1af-f584-47a7-bf68-270bb1f2276a	OPTIONS	/auth	http://localhost:5173
20240416	16:35:57	17b240d2-8444-472e-84b5-0e155d2d9a25	POST	/auth	http://localhost:5173
20240416	16:36:16	335acfe4-46d6-4a81-9673-17ef85bb7295	GET	/orders/get-orders	http://localhost:5173
20240416	16:36:16	4e47da76-a1c7-4777-8f27-c34d04644494	GET	/orders/get-orders	http://localhost:5173
20240416	17:52:41	8a18cc95-27bd-43bb-aaa7-83a6bcf7456a	POST	/orders/create-order	undefined
20240416	17:53:10	1a51fd6b-a254-4856-8b63-9e1d0762ea86	POST	/orders/create-order	undefined
20240416	17:54:15	0a2f3832-5700-44a6-a2d3-5109083bf83b	POST	/orders/create-order	undefined
20240416	17:54:32	c43d0d38-e23d-4ae4-8daa-e5718354e02d	POST	/orders/create-order	undefined
20240416	17:56:03	91bcad7a-5cf6-4212-b38d-9b95ee02a18d	POST	/orders/create-order	undefined
20240416	17:59:41	97a6217b-9643-4b73-b0b2-9cb9e5090f9d	POST	/orders/create-order	undefined
20240416	18:00:19	a4f5b3ca-c84a-44c4-85f2-d63b9baa637d	POST	/orders/create-order	undefined
20240416	18:00:40	f45f923a-2cac-4e9d-aa0a-18dc745acc2e	POST	/orders/create-order	undefined
20240416	18:00:47	0519f518-1639-4e63-a3cd-5737dac38045	POST	/orders/create-order	undefined
20240416	18:01:19	c09e335a-66ca-4001-8f3e-55eb523000cb	POST	/orders/create-order	undefined
20240416	18:03:43	4d9717b0-d301-4750-b378-e30884c88d79	POST	/orders/create-order	undefined
20240416	18:03:55	89eba90a-89a2-4071-9417-3fe570445f16	POST	/orders/create-order	undefined
20240416	18:04:26	edb6d2e9-4a79-401b-ac34-74320002f96f	POST	/orders/create-order	undefined
20240416	18:05:16	730a08d6-01eb-4593-be05-fdabddf1177b	POST	/orders/create-order	undefined
20240416	18:05:21	89307f36-2b47-468f-a0f8-f347fc90bb13	POST	/orders/create-order	undefined
20240416	18:06:05	2a6b825b-0e48-497c-a4a1-02b2413f4d57	POST	/orders/create-order	undefined
20240416	20:38:13	96fddfcd-72fb-473a-ade9-8b7b37946462	GET	/orders/get-orders	http://localhost:5173
20240416	20:38:14	70a8f45b-8aab-435a-8c34-36f2db8b19da	GET	/orders/get-orders	http://localhost:5173
20240416	20:38:43	03f54239-5b76-4f4a-90b4-fa239b6cccde	GET	/orders/get-all-orders	undefined
20240416	20:39:02	e22cf85a-8913-4e8c-8e5f-e1d6df019d01	POST	/orders/create-order	undefined
20240416	20:39:15	423de87c-6e05-454c-97c7-d203d74301d2	POST	/orders/create-order	undefined
20240416	20:39:41	59cf604f-447b-4dc7-bcd9-8bb24efa5e19	POST	/orders/create-order	undefined
20240416	20:39:53	26797236-bf81-4464-8b30-e055877e5b3e	POST	/orders/create-order	undefined
20240416	20:40:54	17842a44-3f97-4d96-b0f9-7bb1bc70bf32	POST	/orders/create-order	undefined
20240416	20:41:18	5012914b-02a6-4cee-aaf4-ab6ac9a3a1a4	POST	/orders/create-order	undefined
20240416	20:42:10	ea3deebf-34bc-4a78-a7aa-e9b2eedf6b16	GET	/orders/get-all-orders	undefined
20240416	20:44:35	3ee222c7-1ad5-4241-9efd-932c8b7cec39	PATCH	/orders/update-order/2	undefined
20240416	20:45:11	1c91c29a-63bb-44fa-aa77-8ad73d7c8ba9	PATCH	/orders/update-order/2	undefined
20240416	20:45:27	1be86a43-3bc1-42c9-98c0-d4eccc7e46fe	PATCH	/orders/update-order/2	undefined
20240416	20:46:46	6e0a5647-2d39-4eba-8f27-0d5e32d2425a	PATCH	/orders/update-order/:2	undefined
20240416	20:46:54	4a7b25bf-5613-4b97-8477-ecee9ec00238	PATCH	/orders/update-order/2	undefined
20240416	20:50:44	bab0f228-e8e5-426f-a991-bfe944ec4de0	PATCH	/orders/update-order/2	undefined
20240416	20:52:09	263b54bf-d094-46a9-af92-a1d0414c01cb	DELETE	/orders/delete-order/1	undefined
20240416	20:54:37	62ed8580-5e58-425c-9ec0-3f017085cff3	GET	/orders/get-all-orders	http://localhost:5173
20240416	20:55:55	1f7203bf-5506-4f75-b9db-f804a9937206	OPTIONS	/auth	http://localhost:5173
20240416	20:55:55	ace48663-32de-47d8-9b60-37dc44ecb90c	POST	/auth	http://localhost:5173
20240416	20:58:41	a13baab0-b71a-4991-9c69-2d786d202bf8	OPTIONS	/users/register	http://localhost:5173
20240416	20:58:41	9a530213-06c9-4acf-a388-0228d24821d5	POST	/users/register	http://localhost:5173
20240416	21:01:30	f9955c41-808f-4177-b670-1e8f5a184044	OPTIONS	/auth	http://localhost:5173
20240416	21:01:30	5e2d1989-fdaa-41c2-a893-e3e7625477aa	POST	/auth	http://localhost:5173
20240416	21:04:52	54d04b9a-4614-4e7b-8537-358d2a6c4797	OPTIONS	/users/register	http://localhost:5173
20240416	21:04:52	820dc075-13d2-466d-af7a-33a2f77486d9	POST	/users/register	http://localhost:5173
20240416	21:05:34	7bbf1b74-5ddd-44b0-80f1-85a99dd06e46	OPTIONS	/users/register	http://localhost:5173
20240416	21:05:34	fba62f6b-551a-4d54-a877-167afdcf9b64	POST	/users/register	http://localhost:5173
20240416	21:06:14	0929a850-f462-4542-ba7a-34a44e13d5a5	OPTIONS	/auth	http://localhost:5173
20240416	21:06:14	91b2a960-51bc-43b4-8530-3cb38d4a19ee	POST	/auth	http://localhost:5173
20240416	21:06:35	ed1cbc29-ff85-4fa6-8f84-065db4fb456d	GET	/orders/get-all-orders	http://localhost:5173
20240416	21:06:35	077a5f8d-6546-4677-8f28-0273d89cdc4d	GET	/orders/get-all-orders	http://localhost:5173
20240416	21:19:15	5e29c41d-2aab-453d-a885-3744605ae603	GET	/orders/get-all-orders	http://localhost:5173
20240416	21:19:15	134f058d-0d00-4e1e-af6c-bbfb0666d6f8	GET	/orders/get-all-orders	http://localhost:5173
20240416	21:23:03	cc79cfcb-33de-4015-8c06-fd4ab5c2a4ee	OPTIONS	/auth	http://localhost:5173
20240416	21:23:03	018df02b-e538-4184-a64b-7649e783a167	POST	/auth	http://localhost:5173
20240416	21:23:15	f8e2498a-9991-4a5a-986b-a6832cfaa393	OPTIONS	/auth/logout	http://localhost:5173
20240416	21:23:15	0691f13f-6535-476f-a84d-d72b8d4865ff	POST	/auth/logout	http://localhost:5173
20240417	00:16:47	885f3366-d74a-4f8c-b4db-d9a872b09c78	OPTIONS	/auth	http://localhost:5173
20240417	00:16:48	325f7c40-a3ab-4ea4-8d37-2d3f343c4e2b	POST	/auth	http://localhost:5173
20240417	00:16:51	8af030cd-665a-4101-80eb-8c4437757702	OPTIONS	/auth	http://localhost:5173
20240417	00:16:52	a34bc2bd-68c2-43cf-88e1-2f2e249034a8	POST	/auth	http://localhost:5173
20240417	00:20:07	57b20f49-d92f-48fb-af72-d756665b39ff	OPTIONS	/auth	http://localhost:5173
20240417	00:20:07	00c0c843-1706-4a11-bf22-0b6bbd2f09a6	POST	/auth	http://localhost:5173
20240417	00:35:28	cfc75f35-c278-450a-a6f5-119096574071	OPTIONS	/auth	http://localhost:5173
20240417	00:35:28	edbdec6b-bff3-4a75-b364-7453babab29e	POST	/auth	http://localhost:5173
20240417	00:35:54	f79e6d09-cbcc-42c8-8d0c-a8007fce907d	GET	/orders/get-all-orders	http://localhost:5173
20240417	00:35:54	8126167f-f888-42c1-bdf6-154b84359122	GET	/orders/get-all-orders	http://localhost:5173
20240417	00:36:25	89eaf224-b6e6-4099-984d-8b60e524c842	OPTIONS	/auth/logout	http://localhost:5173
20240417	00:36:25	d44e1209-cf0c-4fbf-922b-0adb338866fd	POST	/auth/logout	http://localhost:5173
20240417	00:36:54	d55ab7ad-24e2-4fd1-b7c1-0b91a8a6525e	OPTIONS	/auth	http://localhost:5173
20240417	00:36:54	5f1863c4-5520-4a5d-996c-1e42ac8abeec	POST	/auth	http://localhost:5173
20240417	00:37:03	190c1b98-b185-4165-b034-910538bec867	OPTIONS	/auth/logout	http://localhost:5173
20240417	00:37:03	d514d94f-2317-49fe-aa87-f6908d18d697	POST	/auth/logout	http://localhost:5173
